# JRE version: Java(TM) SE Runtime Environment (8.0_171-b11) (build 1.8.0_171-b11)
# Java VM: Java HotSpot(TM) 64-Bit Server VM (25.171-b11 mixed mode windows-amd64 compressed oops)
Heap:
 PSYoungGen      total 92160K, used 60696K [0x00000000e0000000, 0x00000000e6f00000, 0x0000000100000000)
  eden space 84992K, 63% used [0x00000000e0000000,0x00000000e34916d8,0x00000000e5300000)
  from space 7168K, 95% used [0x00000000e6800000,0x00000000e6eb4a20,0x00000000e6f00000)
  to   space 10240K, 0% used [0x00000000e5b00000,0x00000000e5b00000,0x00000000e6500000)
 ParOldGen       total 100352K, used 15938K [0x00000000a0000000, 0x00000000a6200000, 0x00000000e0000000)
  object space 100352K, 15% used [0x00000000a0000000,0x00000000a0f90ad0,0x00000000a6200000)
 Metaspace       used 43654K, capacity 44698K, committed 45056K, reserved 1087488K
  class space    used 6000K, capacity 6304K, committed 6400K, reserved 1048576K
GC Heap History (10 events):
Event: 10.933 GC heap before
{Heap before GC invocations=10 (full 1):
 PSYoungGen      total 61440K, used 58918K [0x00000000e0000000, 0x00000000e4780000, 0x0000000100000000)
  eden space 51712K, 100% used [0x00000000e0000000,0x00000000e3280000,0x00000000e3280000)
  from space 9728K, 74% used [0x00000000e3c00000,0x00000000e4309bb8,0x00000000e4580000)
  to   space 9728K, 0% used [0x00000000e3280000,0x00000000e3280000,0x00000000e3c00000)
 ParOldGen       total 62464K, used 8520K [0x00000000a0000000, 0x00000000a3d00000, 0x00000000e0000000)
  object space 62464K, 13% used [0x00000000a0000000,0x00000000a0852030,0x00000000a3d00000)
 Metaspace       used 31274K, capacity 31882K, committed 32000K, reserved 1077248K
  class space    used 4360K, capacity 4518K, committed 4608K, reserved 1048576K
Event: 10.941 GC heap after
Heap after GC invocations=10 (full 1):
 PSYoungGen      total 61440K, used 7364K [0x00000000e0000000, 0x00000000e5800000, 0x0000000100000000)
  eden space 51712K, 0% used [0x00000000e0000000,0x00000000e0000000,0x00000000e3280000)
  from space 9728K, 75% used [0x00000000e3280000,0x00000000e39b1238,0x00000000e3c00000)
  to   space 9728K, 0% used [0x00000000e4e80000,0x00000000e4e80000,0x00000000e5800000)
 ParOldGen       total 62464K, used 8528K [0x00000000a0000000, 0x00000000a3d00000, 0x00000000e0000000)
  object space 62464K, 13% used [0x00000000a0000000,0x00000000a0854030,0x00000000a3d00000)
 Metaspace       used 31274K, capacity 31882K, committed 32000K, reserved 1077248K
  class space    used 4360K, capacity 4518K, committed 4608K, reserved 1048576K
}
Event: 11.904 GC heap before
{Heap before GC invocations=11 (full 1):
 PSYoungGen      total 61440K, used 59076K [0x00000000e0000000, 0x00000000e5800000, 0x0000000100000000)
  eden space 51712K, 100% used [0x00000000e0000000,0x00000000e3280000,0x00000000e3280000)
  from space 9728K, 75% used [0x00000000e3280000,0x00000000e39b1238,0x00000000e3c00000)
  to   space 9728K, 0% used [0x00000000e4e80000,0x00000000e4e80000,0x00000000e5800000)
 ParOldGen       total 62464K, used 8528K [0x00000000a0000000, 0x00000000a3d00000, 0x00000000e0000000)
  object space 62464K, 13% used [0x00000000a0000000,0x00000000a0854030,0x00000000a3d00000)
 Metaspace       used 32412K, capacity 33096K, committed 33280K, reserved 1077248K
  class space    used 4525K, capacity 4751K, committed 4864K, reserved 1048576K
Event: 11.916 GC heap after
Heap after GC invocations=11 (full 1):
 PSYoungGen      total 79872K, used 4137K [0x00000000e0000000, 0x00000000e5a00000, 0x0000000100000000)
  eden space 70144K, 0% used [0x00000000e0000000,0x00000000e0000000,0x00000000e4480000)
  from space 9728K, 42% used [0x00000000e4e80000,0x00000000e528a648,0x00000000e5800000)
  to   space 10240K, 0% used [0x00000000e4480000,0x00000000e4480000,0x00000000e4e80000)
 ParOldGen       total 62464K, used 12876K [0x00000000a0000000, 0x00000000a3d00000, 0x00000000e0000000)
  object space 62464K, 20% used [0x00000000a0000000,0x00000000a0c933b0,0x00000000a3d00000)
 Metaspace       used 32412K, capacity 33096K, committed 33280K, reserved 1077248K
  class space    used 4525K, capacity 4751K, committed 4864K, reserved 1048576K
}
Event: 12.446 GC heap before
{Heap before GC invocations=12 (full 1):
 PSYoungGen      total 79872K, used 16095K [0x00000000e0000000, 0x00000000e5a00000, 0x0000000100000000)
  eden space 70144K, 17% used [0x00000000e0000000,0x00000000e0bad790,0x00000000e4480000)
  from space 9728K, 42% used [0x00000000e4e80000,0x00000000e528a648,0x00000000e5800000)
  to   space 10240K, 0% used [0x00000000e4480000,0x00000000e4480000,0x00000000e4e80000)
 ParOldGen       total 62464K, used 12876K [0x00000000a0000000, 0x00000000a3d00000, 0x00000000e0000000)
  object space 62464K, 20% used [0x00000000a0000000,0x00000000a0c933b0,0x00000000a3d00000)
 Metaspace       used 34762K, capacity 35390K, committed 35496K, reserved 1079296K
  class space    used 4846K, capacity 5076K, committed 5120K, reserved 1048576K
Event: 12.450 GC heap after
Heap after GC invocations=12 (full 1):
 PSYoungGen      total 80384K, used 3300K [0x00000000e0000000, 0x00000000e7200000, 0x0000000100000000)
  eden space 70144K, 0% used [0x00000000e0000000,0x00000000e0000000,0x00000000e4480000)
  from space 10240K, 32% used [0x00000000e4480000,0x00000000e47b9018,0x00000000e4e80000)
  to   space 10240K, 0% used [0x00000000e6800000,0x00000000e6800000,0x00000000e7200000)
 ParOldGen       total 62464K, used 14520K [0x00000000a0000000, 0x00000000a3d00000, 0x00000000e0000000)
  object space 62464K, 23% used [0x00000000a0000000,0x00000000a0e2e270,0x00000000a3d00000)
 Metaspace       used 34762K, capacity 35390K, committed 35496K, reserved 1079296K
  class space    used 4846K, capacity 5076K, committed 5120K, reserved 1048576K
}
Event: 12.450 GC heap before
{Heap before GC invocations=13 (full 2):
 PSYoungGen      total 80384K, used 3300K [0x00000000e0000000, 0x00000000e7200000, 0x0000000100000000)
  eden space 70144K, 0% used [0x00000000e0000000,0x00000000e0000000,0x00000000e4480000)
  from space 10240K, 32% used [0x00000000e4480000,0x00000000e47b9018,0x00000000e4e80000)
  to   space 10240K, 0% used [0x00000000e6800000,0x00000000e6800000,0x00000000e7200000)
 ParOldGen       total 62464K, used 14520K [0x00000000a0000000, 0x00000000a3d00000, 0x00000000e0000000)
  object space 62464K, 23% used [0x00000000a0000000,0x00000000a0e2e270,0x00000000a3d00000)
 Metaspace       used 34762K, capacity 35390K, committed 35496K, reserved 1079296K
  class space    used 4846K, capacity 5076K, committed 5120K, reserved 1048576K
Event: 12.557 GC heap after
Heap after GC invocations=13 (full 2):
 PSYoungGen      total 80384K, used 0K [0x00000000e0000000, 0x00000000e7200000, 0x0000000100000000)
  eden space 70144K, 0% used [0x00000000e0000000,0x00000000e0000000,0x00000000e4480000)
  from space 10240K, 0% used [0x00000000e4480000,0x00000000e4480000,0x00000000e4e80000)
  to   space 10240K, 0% used [0x00000000e6800000,0x00000000e6800000,0x00000000e7200000)
 ParOldGen       total 100352K, used 15930K [0x00000000a0000000, 0x00000000a6200000, 0x00000000e0000000)
  object space 100352K, 15% used [0x00000000a0000000,0x00000000a0f8ead0,0x00000000a6200000)
 Metaspace       used 34762K, capacity 35390K, committed 35496K, reserved 1079296K
  class space    used 4846K, capacity 5076K, committed 5120K, reserved 1048576K
}
Event: 19.362 GC heap before
{Heap before GC invocations=14 (full 2):
 PSYoungGen      total 80384K, used 70144K [0x00000000e0000000, 0x00000000e7200000, 0x0000000100000000)
  eden space 70144K, 100% used [0x00000000e0000000,0x00000000e4480000,0x00000000e4480000)
  from space 10240K, 0% used [0x00000000e4480000,0x00000000e4480000,0x00000000e4e80000)
  to   space 10240K, 0% used [0x00000000e6800000,0x00000000e6800000,0x00000000e7200000)
 ParOldGen       total 100352K, used 15930K [0x00000000a0000000, 0x00000000a6200000, 0x00000000e0000000)
  object space 100352K, 15% used [0x00000000a0000000,0x00000000a0f8ead0,0x00000000a6200000)
 Metaspace       used 40413K, capacity 41236K, committed 41472K, reserved 1085440K
  class space    used 5530K, capacity 5766K, committed 5888K, reserved 1048576K
Event: 19.378 GC heap after
Heap after GC invocations=14 (full 2):
 PSYoungGen      total 92160K, used 6866K [0x00000000e0000000, 0x00000000e6f00000, 0x0000000100000000)
  eden space 84992K, 0% used [0x00000000e0000000,0x00000000e0000000,0x00000000e5300000)
  from space 7168K, 95% used [0x00000000e6800000,0x00000000e6eb4a20,0x00000000e6f00000)
  to   space 10240K, 0% used [0x00000000e5b00000,0x00000000e5b00000,0x00000000e6500000)
 ParOldGen       total 100352K, used 15938K [0x00000000a0000000, 0x00000000a6200000, 0x00000000e0000000)
  object space 100352K, 15% used [0x00000000a0000000,0x00000000a0f90ad0,0x00000000a6200000)
 Metaspace       used 40413K, capacity 41236K, committed 41472K, reserved 1085440K
  class space    used 5530K, capacity 5766K, committed 5888K, reserved 1048576K
}

